{"uuid":"39f5134a-9463-4883-bdde-982fd5fe60ad","historyId":"a27af7b16c40eee32aa0f5a831cd8dd5","fullName":"sanity.TodoListElectron.test02_deleteCompletedTasksAndVerify","labels":[{"name":"package","value":"sanity.TodoListElectron"},{"name":"testClass","value":"sanity.TodoListElectron"},{"name":"testMethod","value":"test02_deleteCompletedTasksAndVerify"},{"name":"parentSuite","value":"Default Suite"},{"name":"suite","value":"FinalProject"},{"name":"subSuite","value":"sanity.TodoListElectron"},{"name":"host","value":"LAPTOP-292HAQ2C"},{"name":"thread","value":"14420@LAPTOP-292HAQ2C.main(1)"},{"name":"framework","value":"testng"},{"name":"language","value":"java"}],"links":[],"name":"Test02 - Remove completed tasks and Verify","status":"broken","statusDetails":{"known":false,"muted":false,"flaky":false,"message":"no such element: Unable to locate element: {\"method\":\"css selector\",\"selector\":\"label[class='label_5i8SP completed_bHv-Q']\"}\n  (Session info: chrome=83.0.4103.122)\n  (Driver info: chromedriver=2.36 (7ea271f92018b1eeb8e70ec6de8c29f9758a0c05),platform=Windows NT 10.0.19044 x86_64) (WARNING: The server did not provide any stacktrace information)\nCommand duration or timeout: 0 milliseconds\nFor documentation on this error, please visit: https://www.seleniumhq.org/exceptions/no_such_element.html\nBuild info: version: '3.141.59', revision: 'e82be7d358', time: '2018-11-14T08:17:03'\nSystem info: host: 'LAPTOP-292HAQ2C', ip: '192.168.1.12', os.name: 'Windows 10', os.arch: 'amd64', os.version: '10.0', java.version: '1.8.0_211'\nDriver info: org.openqa.selenium.chrome.ChromeDriver\nCapabilities {acceptInsecureCerts: false, acceptSslCerts: false, applicationCacheEnabled: false, browserConnectionEnabled: false, browserName: chrome, chrome: {chromedriverVersion: 2.36 (7ea271f92018b1eeb8e70..., userDataDir: C:\\Users\\vital\\AppData\\Loca...}, cssSelectorsEnabled: true, databaseEnabled: false, handlesAlerts: true, hasTouchScreen: false, javascriptEnabled: true, locationContextEnabled: true, mobileEmulationEnabled: false, nativeEvents: true, networkConnectionEnabled: false, pageLoadStrategy: normal, platform: XP, platformName: XP, rotatable: false, setWindowRect: true, takesHeapSnapshot: true, takesScreenshot: true, unexpectedAlertBehaviour: , unhandledPromptBehavior: , version: 83.0.4103.122, webStorageEnabled: true}\nSession ID: 816372226d9521024bea8d70b61fc060\n*** Element info: {Using=css selector, value=label[class='label_5i8SP completed_bHv-Q']}","trace":"org.openqa.selenium.NoSuchElementException: no such element: Unable to locate element: {\"method\":\"css selector\",\"selector\":\"label[class='label_5i8SP completed_bHv-Q']\"}\n  (Session info: chrome=83.0.4103.122)\n  (Driver info: chromedriver=2.36 (7ea271f92018b1eeb8e70ec6de8c29f9758a0c05),platform=Windows NT 10.0.19044 x86_64) (WARNING: The server did not provide any stacktrace information)\nCommand duration or timeout: 0 milliseconds\nFor documentation on this error, please visit: https://www.seleniumhq.org/exceptions/no_such_element.html\nBuild info: version: '3.141.59', revision: 'e82be7d358', time: '2018-11-14T08:17:03'\nSystem info: host: 'LAPTOP-292HAQ2C', ip: '192.168.1.12', os.name: 'Windows 10', os.arch: 'amd64', os.version: '10.0', java.version: '1.8.0_211'\nDriver info: org.openqa.selenium.chrome.ChromeDriver\nCapabilities {acceptInsecureCerts: false, acceptSslCerts: false, applicationCacheEnabled: false, browserConnectionEnabled: false, browserName: chrome, chrome: {chromedriverVersion: 2.36 (7ea271f92018b1eeb8e70..., userDataDir: C:\\Users\\vital\\AppData\\Loca...}, cssSelectorsEnabled: true, databaseEnabled: false, handlesAlerts: true, hasTouchScreen: false, javascriptEnabled: true, locationContextEnabled: true, mobileEmulationEnabled: false, nativeEvents: true, networkConnectionEnabled: false, pageLoadStrategy: normal, platform: XP, platformName: XP, rotatable: false, setWindowRect: true, takesHeapSnapshot: true, takesScreenshot: true, unexpectedAlertBehaviour: , unhandledPromptBehavior: , version: 83.0.4103.122, webStorageEnabled: true}\nSession ID: 816372226d9521024bea8d70b61fc060\n*** Element info: {Using=css selector, value=label[class='label_5i8SP completed_bHv-Q']}\r\n\tat sun.reflect.NativeConstructorAccessorImpl.newInstance0(Native Method)\r\n\tat sun.reflect.NativeConstructorAccessorImpl.newInstance(NativeConstructorAccessorImpl.java:62)\r\n\tat sun.reflect.DelegatingConstructorAccessorImpl.newInstance(DelegatingConstructorAccessorImpl.java:45)\r\n\tat java.lang.reflect.Constructor.newInstance(Constructor.java:423)\r\n\tat org.openqa.selenium.remote.ErrorHandler.createThrowable(ErrorHandler.java:214)\r\n\tat org.openqa.selenium.remote.ErrorHandler.throwIfResponseFailed(ErrorHandler.java:166)\r\n\tat org.openqa.selenium.remote.http.JsonHttpResponseCodec.reconstructValue(JsonHttpResponseCodec.java:40)\r\n\tat org.openqa.selenium.remote.http.AbstractHttpResponseCodec.decode(AbstractHttpResponseCodec.java:80)\r\n\tat org.openqa.selenium.remote.http.AbstractHttpResponseCodec.decode(AbstractHttpResponseCodec.java:44)\r\n\tat org.openqa.selenium.remote.HttpCommandExecutor.execute(HttpCommandExecutor.java:158)\r\n\tat org.openqa.selenium.remote.service.DriverCommandExecutor.execute(DriverCommandExecutor.java:83)\r\n\tat org.openqa.selenium.remote.RemoteWebDriver.execute(RemoteWebDriver.java:552)\r\n\tat org.openqa.selenium.remote.RemoteWebDriver.findElement(RemoteWebDriver.java:323)\r\n\tat org.openqa.selenium.remote.RemoteWebDriver.findElementByCssSelector(RemoteWebDriver.java:420)\r\n\tat org.openqa.selenium.By$ByCssSelector.findElement(By.java:431)\r\n\tat org.openqa.selenium.remote.RemoteWebDriver.findElement(RemoteWebDriver.java:315)\r\n\tat org.openqa.selenium.support.pagefactory.DefaultElementLocator.findElement(DefaultElementLocator.java:69)\r\n\tat org.openqa.selenium.support.pagefactory.internal.LocatingElementHandler.invoke(LocatingElementHandler.java:38)\r\n\tat com.sun.proxy.$Proxy11.getWrappedElement(Unknown Source)\r\n\tat org.openqa.selenium.remote.RemoteWebElement.equals(RemoteWebElement.java:296)\r\n\tat workflows.ElectronFlows.clearCompletedTasks(ElectronFlows.java:39)\r\n\tat sanity.TodoListElectron.test02_deleteCompletedTasksAndVerify(TodoListElectron.java:36)\r\n\tat sun.reflect.NativeMethodAccessorImpl.invoke0(Native Method)\r\n\tat sun.reflect.NativeMethodAccessorImpl.invoke(NativeMethodAccessorImpl.java:62)\r\n\tat sun.reflect.DelegatingMethodAccessorImpl.invoke(DelegatingMethodAccessorImpl.java:43)\r\n\tat java.lang.reflect.Method.invoke(Method.java:498)\r\n\tat org.testng.internal.MethodInvocationHelper.invokeMethod(MethodInvocationHelper.java:133)\r\n\tat org.testng.internal.TestInvoker.invokeMethod(TestInvoker.java:584)\r\n\tat org.testng.internal.TestInvoker.invokeTestMethod(TestInvoker.java:172)\r\n\tat org.testng.internal.MethodRunner.runInSequence(MethodRunner.java:46)\r\n\tat org.testng.internal.TestInvoker$MethodInvocationAgent.invoke(TestInvoker.java:804)\r\n\tat org.testng.internal.TestInvoker.invokeTestMethods(TestInvoker.java:145)\r\n\tat org.testng.internal.TestMethodWorker.invokeTestMethods(TestMethodWorker.java:146)\r\n\tat org.testng.internal.TestMethodWorker.run(TestMethodWorker.java:128)\r\n\tat java.util.ArrayList.forEach(ArrayList.java:1257)\r\n\tat org.testng.TestRunner.privateRun(TestRunner.java:770)\r\n\tat org.testng.TestRunner.run(TestRunner.java:591)\r\n\tat org.testng.SuiteRunner.runTest(SuiteRunner.java:402)\r\n\tat org.testng.SuiteRunner.runSequentially(SuiteRunner.java:396)\r\n\tat org.testng.SuiteRunner.privateRun(SuiteRunner.java:355)\r\n\tat org.testng.SuiteRunner.run(SuiteRunner.java:304)\r\n\tat org.testng.SuiteRunnerWorker.runSuite(SuiteRunnerWorker.java:53)\r\n\tat org.testng.SuiteRunnerWorker.run(SuiteRunnerWorker.java:96)\r\n\tat org.testng.TestNG.runSuitesSequentially(TestNG.java:1180)\r\n\tat org.testng.TestNG.runSuitesLocally(TestNG.java:1102)\r\n\tat org.testng.TestNG.runSuites(TestNG.java:1032)\r\n\tat org.testng.TestNG.run(TestNG.java:1000)\r\n\tat com.intellij.rt.testng.IDEARemoteTestNG.run(IDEARemoteTestNG.java:66)\r\n\tat com.intellij.rt.testng.RemoteTestNGStarter.main(RemoteTestNGStarter.java:109)\r\n"},"stage":"finished","description":"The test adds four new tasks, completes two, removes two, and verifies that two remain.","steps":[{"name":"Business Flow: Add new task to the list","status":"passed","stage":"finished","steps":[{"name":"Update Text Element","status":"passed","stage":"finished","steps":[],"attachments":[],"parameters":[{"name":"elem","value":"[[ChromeDriver: chrome on XP (816372226d9521024bea8d70b61fc060)] -> class name: input_b5pqF]"},{"name":"text","value":"Learn Crypto"}],"start":1666451611062,"stop":1666451611243},{"name":"Insert Keyboard action","status":"passed","stage":"finished","steps":[],"attachments":[],"parameters":[{"name":"elem","value":"[[ChromeDriver: chrome on XP (816372226d9521024bea8d70b61fc060)] -> class name: input_b5pqF]"},{"name":"value","value":""}],"start":1666451611272,"stop":1666451611349}],"attachments":[],"parameters":[{"name":"taskName","value":"Learn Crypto"}],"start":1666451610999,"stop":1666451611349},{"name":"Business Flow: Add new task to the list","status":"passed","stage":"finished","steps":[{"name":"Update Text Element","status":"passed","stage":"finished","steps":[],"attachments":[],"parameters":[{"name":"elem","value":"[[ChromeDriver: chrome on XP (816372226d9521024bea8d70b61fc060)] -> class name: input_b5pqF]"},{"name":"text","value":"Learn Java"}],"start":1666451611374,"stop":1666451611511},{"name":"Insert Keyboard action","status":"passed","stage":"finished","steps":[],"attachments":[],"parameters":[{"name":"elem","value":"[[ChromeDriver: chrome on XP (816372226d9521024bea8d70b61fc060)] -> class name: input_b5pqF]"},{"name":"value","value":""}],"start":1666451611523,"stop":1666451611606}],"attachments":[],"parameters":[{"name":"taskName","value":"Learn Java"}],"start":1666451611350,"stop":1666451611606},{"name":"Business Flow: Add new task to the list","status":"passed","stage":"finished","steps":[{"name":"Update Text Element","status":"passed","stage":"finished","steps":[],"attachments":[],"parameters":[{"name":"elem","value":"[[ChromeDriver: chrome on XP (816372226d9521024bea8d70b61fc060)] -> class name: input_b5pqF]"},{"name":"text","value":"Learn C#"}],"start":1666451611635,"stop":1666451611768},{"name":"Insert Keyboard action","status":"passed","stage":"finished","steps":[],"attachments":[],"parameters":[{"name":"elem","value":"[[ChromeDriver: chrome on XP (816372226d9521024bea8d70b61fc060)] -> class name: input_b5pqF]"},{"name":"value","value":""}],"start":1666451611787,"stop":1666451611842}],"attachments":[],"parameters":[{"name":"taskName","value":"Learn C#"}],"start":1666451611606,"stop":1666451611843},{"name":"Business Flow: Add new task to the list","status":"passed","stage":"finished","steps":[{"name":"Update Text Element","status":"passed","stage":"finished","steps":[],"attachments":[],"parameters":[{"name":"elem","value":"[[ChromeDriver: chrome on XP (816372226d9521024bea8d70b61fc060)] -> class name: input_b5pqF]"},{"name":"text","value":"Learn Surfing"}],"start":1666451611879,"stop":1666451612027},{"name":"Insert Keyboard action","status":"passed","stage":"finished","steps":[],"attachments":[],"parameters":[{"name":"elem","value":"[[ChromeDriver: chrome on XP (816372226d9521024bea8d70b61fc060)] -> class name: input_b5pqF]"},{"name":"value","value":""}],"start":1666451612051,"stop":1666451612110}],"attachments":[],"parameters":[{"name":"taskName","value":"Learn Surfing"}],"start":1666451611843,"stop":1666451612111},{"name":"Business Flow: Complete task","status":"passed","stage":"finished","steps":[{"name":"Business Flow: Count and return number of tasks in list","status":"passed","stage":"finished","steps":[],"attachments":[],"parameters":[],"start":1666451612112,"stop":1666451612158},{"name":"Mouse Hover on Element","status":"passed","stage":"finished","steps":[],"attachments":[],"parameters":[{"name":"elem1","value":"[[ChromeDriver: chrome on XP (816372226d9521024bea8d70b61fc060)] -> class name: toggleIconsWrapper_2kpi8]"}],"start":1666451612227,"stop":1666451612335},{"name":"Business Flow: Count and return number of tasks in list","status":"passed","stage":"finished","steps":[],"attachments":[],"parameters":[],"start":1666451612336,"stop":1666451612347},{"name":"Mouse Hover on Element","status":"passed","stage":"finished","steps":[],"attachments":[],"parameters":[{"name":"elem1","value":"[[ChromeDriver: chrome on XP (816372226d9521024bea8d70b61fc060)] -> class name: toggleIconsWrapper_2kpi8]"}],"start":1666451612413,"stop":1666451612499},{"name":"Business Flow: Count and return number of tasks in list","status":"passed","stage":"finished","steps":[],"attachments":[],"parameters":[],"start":1666451612500,"stop":1666451612518},{"name":"Mouse Hover on Element","status":"passed","stage":"finished","steps":[],"attachments":[],"parameters":[{"name":"elem1","value":"[[ChromeDriver: chrome on XP (816372226d9521024bea8d70b61fc060)] -> class name: toggleIconsWrapper_2kpi8]"}],"start":1666451612595,"stop":1666451612654},{"name":"Business Flow: Count and return number of tasks in list","status":"passed","stage":"finished","steps":[],"attachments":[],"parameters":[],"start":1666451612655,"stop":1666451612677},{"name":"Mouse Hover on Element","status":"passed","stage":"finished","steps":[],"attachments":[],"parameters":[{"name":"elem1","value":"[[ChromeDriver: chrome on XP (816372226d9521024bea8d70b61fc060)] -> class name: toggleIconsWrapper_2kpi8]"}],"start":1666451612720,"stop":1666451612771},{"name":"Business Flow: Count and return number of tasks in list","status":"passed","stage":"finished","steps":[],"attachments":[],"parameters":[],"start":1666451612771,"stop":1666451612781}],"attachments":[],"parameters":[{"name":"taskName","value":"Learn Java"}],"start":1666451612111,"stop":1666451612781},{"name":"Business Flow: Complete task","status":"passed","stage":"finished","steps":[{"name":"Business Flow: Count and return number of tasks in list","status":"passed","stage":"finished","steps":[],"attachments":[],"parameters":[],"start":1666451612781,"stop":1666451612798},{"name":"Mouse Hover on Element","status":"passed","stage":"finished","steps":[],"attachments":[],"parameters":[{"name":"elem1","value":"[[ChromeDriver: chrome on XP (816372226d9521024bea8d70b61fc060)] -> class name: toggleIconsWrapper_2kpi8]"}],"start":1666451612860,"stop":1666451612912},{"name":"Business Flow: Count and return number of tasks in list","status":"passed","stage":"finished","steps":[],"attachments":[],"parameters":[],"start":1666451612912,"stop":1666451612923},{"name":"Mouse Hover on Element","status":"passed","stage":"finished","steps":[],"attachments":[],"parameters":[{"name":"elem1","value":"[[ChromeDriver: chrome on XP (816372226d9521024bea8d70b61fc060)] -> class name: toggleIconsWrapper_2kpi8]"}],"start":1666451612969,"stop":1666451613019},{"name":"Business Flow: Count and return number of tasks in list","status":"passed","stage":"finished","steps":[],"attachments":[],"parameters":[],"start":1666451613019,"stop":1666451613030},{"name":"Mouse Hover on Element","status":"passed","stage":"finished","steps":[],"attachments":[],"parameters":[{"name":"elem1","value":"[[ChromeDriver: chrome on XP (816372226d9521024bea8d70b61fc060)] -> class name: toggleIconsWrapper_2kpi8]"}],"start":1666451613080,"stop":1666451613154},{"name":"Business Flow: Count and return number of tasks in list","status":"passed","stage":"finished","steps":[],"attachments":[],"parameters":[],"start":1666451613155,"stop":1666451613172},{"name":"Mouse Hover on Element","status":"passed","stage":"finished","steps":[],"attachments":[],"parameters":[{"name":"elem1","value":"[[ChromeDriver: chrome on XP (816372226d9521024bea8d70b61fc060)] -> class name: toggleIconsWrapper_2kpi8]"}],"start":1666451613217,"stop":1666451613269},{"name":"Business Flow: Count and return number of tasks in list","status":"passed","stage":"finished","steps":[],"attachments":[],"parameters":[],"start":1666451613269,"stop":1666451613280}],"attachments":[],"parameters":[{"name":"taskName","value":"Learn Surfing"}],"start":1666451612781,"stop":1666451613281},{"name":"Business Flow: Clear all Completed tasks from the list","status":"broken","statusDetails":{"known":false,"muted":false,"flaky":false,"message":"no such element: Unable to locate element: {\"method\":\"css selector\",\"selector\":\"label[class='label_5i8SP completed_bHv-Q']\"}\n  (Session info: chrome=83.0.4103.122)\n  (Driver info: chromedriver=2.36 (7ea271f92018b1eeb8e70ec6de8c29f9758a0c05),platform=Windows NT 10.0.19044 x86_64) (WARNING: The server did not provide any stacktrace information)\nCommand duration or timeout: 0 milliseconds\nFor documentation on this error, please visit: https://www.seleniumhq.org/exceptions/no_such_element.html\nBuild info: version: '3.141.59', revision: 'e82be7d358', time: '2018-11-14T08:17:03'\nSystem info: host: 'LAPTOP-292HAQ2C', ip: '192.168.1.12', os.name: 'Windows 10', os.arch: 'amd64', os.version: '10.0', java.version: '1.8.0_211'\nDriver info: org.openqa.selenium.chrome.ChromeDriver\nCapabilities {acceptInsecureCerts: false, acceptSslCerts: false, applicationCacheEnabled: false, browserConnectionEnabled: false, browserName: chrome, chrome: {chromedriverVersion: 2.36 (7ea271f92018b1eeb8e70..., userDataDir: C:\\Users\\vital\\AppData\\Loca...}, cssSelectorsEnabled: true, databaseEnabled: false, handlesAlerts: true, hasTouchScreen: false, javascriptEnabled: true, locationContextEnabled: true, mobileEmulationEnabled: false, nativeEvents: true, networkConnectionEnabled: false, pageLoadStrategy: normal, platform: XP, platformName: XP, rotatable: false, setWindowRect: true, takesHeapSnapshot: true, takesScreenshot: true, unexpectedAlertBehaviour: , unhandledPromptBehavior: , version: 83.0.4103.122, webStorageEnabled: true}\nSession ID: 816372226d9521024bea8d70b61fc060\n*** Element info: {Using=css selector, value=label[class='label_5i8SP completed_bHv-Q']}","trace":"org.openqa.selenium.NoSuchElementException: no such element: Unable to locate element: {\"method\":\"css selector\",\"selector\":\"label[class='label_5i8SP completed_bHv-Q']\"}\n  (Session info: chrome=83.0.4103.122)\n  (Driver info: chromedriver=2.36 (7ea271f92018b1eeb8e70ec6de8c29f9758a0c05),platform=Windows NT 10.0.19044 x86_64) (WARNING: The server did not provide any stacktrace information)\nCommand duration or timeout: 0 milliseconds\nFor documentation on this error, please visit: https://www.seleniumhq.org/exceptions/no_such_element.html\nBuild info: version: '3.141.59', revision: 'e82be7d358', time: '2018-11-14T08:17:03'\nSystem info: host: 'LAPTOP-292HAQ2C', ip: '192.168.1.12', os.name: 'Windows 10', os.arch: 'amd64', os.version: '10.0', java.version: '1.8.0_211'\nDriver info: org.openqa.selenium.chrome.ChromeDriver\nCapabilities {acceptInsecureCerts: false, acceptSslCerts: false, applicationCacheEnabled: false, browserConnectionEnabled: false, browserName: chrome, chrome: {chromedriverVersion: 2.36 (7ea271f92018b1eeb8e70..., userDataDir: C:\\Users\\vital\\AppData\\Loca...}, cssSelectorsEnabled: true, databaseEnabled: false, handlesAlerts: true, hasTouchScreen: false, javascriptEnabled: true, locationContextEnabled: true, mobileEmulationEnabled: false, nativeEvents: true, networkConnectionEnabled: false, pageLoadStrategy: normal, platform: XP, platformName: XP, rotatable: false, setWindowRect: true, takesHeapSnapshot: true, takesScreenshot: true, unexpectedAlertBehaviour: , unhandledPromptBehavior: , version: 83.0.4103.122, webStorageEnabled: true}\nSession ID: 816372226d9521024bea8d70b61fc060\n*** Element info: {Using=css selector, value=label[class='label_5i8SP completed_bHv-Q']}\r\n\tat sun.reflect.NativeConstructorAccessorImpl.newInstance0(Native Method)\r\n\tat sun.reflect.NativeConstructorAccessorImpl.newInstance(NativeConstructorAccessorImpl.java:62)\r\n\tat sun.reflect.DelegatingConstructorAccessorImpl.newInstance(DelegatingConstructorAccessorImpl.java:45)\r\n\tat java.lang.reflect.Constructor.newInstance(Constructor.java:423)\r\n\tat org.openqa.selenium.remote.ErrorHandler.createThrowable(ErrorHandler.java:214)\r\n\tat org.openqa.selenium.remote.ErrorHandler.throwIfResponseFailed(ErrorHandler.java:166)\r\n\tat org.openqa.selenium.remote.http.JsonHttpResponseCodec.reconstructValue(JsonHttpResponseCodec.java:40)\r\n\tat org.openqa.selenium.remote.http.AbstractHttpResponseCodec.decode(AbstractHttpResponseCodec.java:80)\r\n\tat org.openqa.selenium.remote.http.AbstractHttpResponseCodec.decode(AbstractHttpResponseCodec.java:44)\r\n\tat org.openqa.selenium.remote.HttpCommandExecutor.execute(HttpCommandExecutor.java:158)\r\n\tat org.openqa.selenium.remote.service.DriverCommandExecutor.execute(DriverCommandExecutor.java:83)\r\n\tat org.openqa.selenium.remote.RemoteWebDriver.execute(RemoteWebDriver.java:552)\r\n\tat org.openqa.selenium.remote.RemoteWebDriver.findElement(RemoteWebDriver.java:323)\r\n\tat org.openqa.selenium.remote.RemoteWebDriver.findElementByCssSelector(RemoteWebDriver.java:420)\r\n\tat org.openqa.selenium.By$ByCssSelector.findElement(By.java:431)\r\n\tat org.openqa.selenium.remote.RemoteWebDriver.findElement(RemoteWebDriver.java:315)\r\n\tat org.openqa.selenium.support.pagefactory.DefaultElementLocator.findElement(DefaultElementLocator.java:69)\r\n\tat org.openqa.selenium.support.pagefactory.internal.LocatingElementHandler.invoke(LocatingElementHandler.java:38)\r\n\tat com.sun.proxy.$Proxy11.getWrappedElement(Unknown Source)\r\n\tat org.openqa.selenium.remote.RemoteWebElement.equals(RemoteWebElement.java:296)\r\n\tat workflows.ElectronFlows.clearCompletedTasks(ElectronFlows.java:39)\r\n\tat sanity.TodoListElectron.test02_deleteCompletedTasksAndVerify(TodoListElectron.java:36)\r\n\tat sun.reflect.NativeMethodAccessorImpl.invoke0(Native Method)\r\n\tat sun.reflect.NativeMethodAccessorImpl.invoke(NativeMethodAccessorImpl.java:62)\r\n\tat sun.reflect.DelegatingMethodAccessorImpl.invoke(DelegatingMethodAccessorImpl.java:43)\r\n\tat java.lang.reflect.Method.invoke(Method.java:498)\r\n\tat org.testng.internal.MethodInvocationHelper.invokeMethod(MethodInvocationHelper.java:133)\r\n\tat org.testng.internal.TestInvoker.invokeMethod(TestInvoker.java:584)\r\n\tat org.testng.internal.TestInvoker.invokeTestMethod(TestInvoker.java:172)\r\n\tat org.testng.internal.MethodRunner.runInSequence(MethodRunner.java:46)\r\n\tat org.testng.internal.TestInvoker$MethodInvocationAgent.invoke(TestInvoker.java:804)\r\n\tat org.testng.internal.TestInvoker.invokeTestMethods(TestInvoker.java:145)\r\n\tat org.testng.internal.TestMethodWorker.invokeTestMethods(TestMethodWorker.java:146)\r\n\tat org.testng.internal.TestMethodWorker.run(TestMethodWorker.java:128)\r\n\tat java.util.ArrayList.forEach(ArrayList.java:1257)\r\n\tat org.testng.TestRunner.privateRun(TestRunner.java:770)\r\n\tat org.testng.TestRunner.run(TestRunner.java:591)\r\n\tat org.testng.SuiteRunner.runTest(SuiteRunner.java:402)\r\n\tat org.testng.SuiteRunner.runSequentially(SuiteRunner.java:396)\r\n\tat org.testng.SuiteRunner.privateRun(SuiteRunner.java:355)\r\n\tat org.testng.SuiteRunner.run(SuiteRunner.java:304)\r\n\tat org.testng.SuiteRunnerWorker.runSuite(SuiteRunnerWorker.java:53)\r\n\tat org.testng.SuiteRunnerWorker.run(SuiteRunnerWorker.java:96)\r\n\tat org.testng.TestNG.runSuitesSequentially(TestNG.java:1180)\r\n\tat org.testng.TestNG.runSuitesLocally(TestNG.java:1102)\r\n\tat org.testng.TestNG.runSuites(TestNG.java:1032)\r\n\tat org.testng.TestNG.run(TestNG.java:1000)\r\n\tat com.intellij.rt.testng.IDEARemoteTestNG.run(IDEARemoteTestNG.java:66)\r\n\tat com.intellij.rt.testng.RemoteTestNGStarter.main(RemoteTestNGStarter.java:109)\r\n"},"stage":"finished","steps":[],"attachments":[],"parameters":[],"start":1666451616290,"stop":1666451621396}],"attachments":[],"parameters":[],"start":1666451610885,"stop":1666451621407}