{"uuid":"83bb4a8d-d688-401c-8399-9e7b4d45f97c","historyId":"e61f48cba105b769b71bbb1b27969678","fullName":"sanity.MyfitnesspalWeb.test01_VerifyCorrectPage","labels":[{"name":"package","value":"sanity.MyfitnesspalWeb"},{"name":"testClass","value":"sanity.MyfitnesspalWeb"},{"name":"testMethod","value":"test01_VerifyCorrectPage"},{"name":"parentSuite","value":"Default Suite"},{"name":"suite","value":"FinalProject"},{"name":"subSuite","value":"sanity.MyfitnesspalWeb"},{"name":"host","value":"LAPTOP-292HAQ2C"},{"name":"thread","value":"40828@LAPTOP-292HAQ2C.main(1)"},{"name":"framework","value":"testng"},{"name":"language","value":"java"}],"links":[],"name":"Test01 - Verify Page Header","status":"failed","statusDetails":{"known":false,"muted":false,"flaky":false,"message":"expected [Calories Burned From Exercise 0] but found [Calories Burned From Exercise]","trace":"java.lang.AssertionError: expected [Calories Burned From Exercise 0] but found [Calories Burned From Exercise]\r\n\tat org.testng.Assert.fail(Assert.java:97)\r\n\tat org.testng.Assert.assertEqualsImpl(Assert.java:136)\r\n\tat org.testng.Assert.assertEquals(Assert.java:118)\r\n\tat org.testng.Assert.assertEquals(Assert.java:575)\r\n\tat org.testng.Assert.assertEquals(Assert.java:585)\r\n\tat extensions.Verifications.verifyTextInElement(Verifications.java:18)\r\n\tat sanity.MyfitnesspalWeb.test01_VerifyCorrectPage(MyfitnesspalWeb.java:22)\r\n\tat sun.reflect.NativeMethodAccessorImpl.invoke0(Native Method)\r\n\tat sun.reflect.NativeMethodAccessorImpl.invoke(NativeMethodAccessorImpl.java:62)\r\n\tat sun.reflect.DelegatingMethodAccessorImpl.invoke(DelegatingMethodAccessorImpl.java:43)\r\n\tat java.lang.reflect.Method.invoke(Method.java:498)\r\n\tat org.testng.internal.MethodInvocationHelper.invokeMethod(MethodInvocationHelper.java:133)\r\n\tat org.testng.internal.TestInvoker.invokeMethod(TestInvoker.java:584)\r\n\tat org.testng.internal.TestInvoker.invokeTestMethod(TestInvoker.java:172)\r\n\tat org.testng.internal.MethodRunner.runInSequence(MethodRunner.java:46)\r\n\tat org.testng.internal.TestInvoker$MethodInvocationAgent.invoke(TestInvoker.java:804)\r\n\tat org.testng.internal.TestInvoker.invokeTestMethods(TestInvoker.java:145)\r\n\tat org.testng.internal.TestMethodWorker.invokeTestMethods(TestMethodWorker.java:146)\r\n\tat org.testng.internal.TestMethodWorker.run(TestMethodWorker.java:128)\r\n\tat java.util.ArrayList.forEach(ArrayList.java:1257)\r\n\tat org.testng.TestRunner.privateRun(TestRunner.java:770)\r\n\tat org.testng.TestRunner.run(TestRunner.java:591)\r\n\tat org.testng.SuiteRunner.runTest(SuiteRunner.java:402)\r\n\tat org.testng.SuiteRunner.runSequentially(SuiteRunner.java:396)\r\n\tat org.testng.SuiteRunner.privateRun(SuiteRunner.java:355)\r\n\tat org.testng.SuiteRunner.run(SuiteRunner.java:304)\r\n\tat org.testng.SuiteRunnerWorker.runSuite(SuiteRunnerWorker.java:53)\r\n\tat org.testng.SuiteRunnerWorker.run(SuiteRunnerWorker.java:96)\r\n\tat org.testng.TestNG.runSuitesSequentially(TestNG.java:1180)\r\n\tat org.testng.TestNG.runSuitesLocally(TestNG.java:1102)\r\n\tat org.testng.TestNG.runSuites(TestNG.java:1032)\r\n\tat org.testng.TestNG.run(TestNG.java:1000)\r\n\tat com.intellij.rt.testng.IDEARemoteTestNG.run(IDEARemoteTestNG.java:66)\r\n\tat com.intellij.rt.testng.RemoteTestNGStarter.main(RemoteTestNGStarter.java:109)\r\n"},"stage":"finished","description":"This test verifies the main header","steps":[{"name":"Verify Text In Element","status":"failed","statusDetails":{"known":false,"muted":false,"flaky":false,"message":"expected [Calories Burned From Exercise 0] but found [Calories Burned From Exercise]","trace":"java.lang.AssertionError: expected [Calories Burned From Exercise 0] but found [Calories Burned From Exercise]\r\n\tat org.testng.Assert.fail(Assert.java:97)\r\n\tat org.testng.Assert.assertEqualsImpl(Assert.java:136)\r\n\tat org.testng.Assert.assertEquals(Assert.java:118)\r\n\tat org.testng.Assert.assertEquals(Assert.java:575)\r\n\tat org.testng.Assert.assertEquals(Assert.java:585)\r\n\tat extensions.Verifications.verifyTextInElement(Verifications.java:18)\r\n\tat sanity.MyfitnesspalWeb.test01_VerifyCorrectPage(MyfitnesspalWeb.java:22)\r\n\tat sun.reflect.NativeMethodAccessorImpl.invoke0(Native Method)\r\n\tat sun.reflect.NativeMethodAccessorImpl.invoke(NativeMethodAccessorImpl.java:62)\r\n\tat sun.reflect.DelegatingMethodAccessorImpl.invoke(DelegatingMethodAccessorImpl.java:43)\r\n\tat java.lang.reflect.Method.invoke(Method.java:498)\r\n\tat org.testng.internal.MethodInvocationHelper.invokeMethod(MethodInvocationHelper.java:133)\r\n\tat org.testng.internal.TestInvoker.invokeMethod(TestInvoker.java:584)\r\n\tat org.testng.internal.TestInvoker.invokeTestMethod(TestInvoker.java:172)\r\n\tat org.testng.internal.MethodRunner.runInSequence(MethodRunner.java:46)\r\n\tat org.testng.internal.TestInvoker$MethodInvocationAgent.invoke(TestInvoker.java:804)\r\n\tat org.testng.internal.TestInvoker.invokeTestMethods(TestInvoker.java:145)\r\n\tat org.testng.internal.TestMethodWorker.invokeTestMethods(TestMethodWorker.java:146)\r\n\tat org.testng.internal.TestMethodWorker.run(TestMethodWorker.java:128)\r\n\tat java.util.ArrayList.forEach(ArrayList.java:1257)\r\n\tat org.testng.TestRunner.privateRun(TestRunner.java:770)\r\n\tat org.testng.TestRunner.run(TestRunner.java:591)\r\n\tat org.testng.SuiteRunner.runTest(SuiteRunner.java:402)\r\n\tat org.testng.SuiteRunner.runSequentially(SuiteRunner.java:396)\r\n\tat org.testng.SuiteRunner.privateRun(SuiteRunner.java:355)\r\n\tat org.testng.SuiteRunner.run(SuiteRunner.java:304)\r\n\tat org.testng.SuiteRunnerWorker.runSuite(SuiteRunnerWorker.java:53)\r\n\tat org.testng.SuiteRunnerWorker.run(SuiteRunnerWorker.java:96)\r\n\tat org.testng.TestNG.runSuitesSequentially(TestNG.java:1180)\r\n\tat org.testng.TestNG.runSuitesLocally(TestNG.java:1102)\r\n\tat org.testng.TestNG.runSuites(TestNG.java:1032)\r\n\tat org.testng.TestNG.run(TestNG.java:1000)\r\n\tat com.intellij.rt.testng.IDEARemoteTestNG.run(IDEARemoteTestNG.java:66)\r\n\tat com.intellij.rt.testng.RemoteTestNGStarter.main(RemoteTestNGStarter.java:109)\r\n"},"stage":"finished","steps":[],"attachments":[],"parameters":[{"name":"elem","value":"[[ChromeDriver: chrome on WINDOWS (32d82828d0e3af583c07c15e0e5e1155)] -> class name: main-title]"},{"name":"expected","value":"Calories Burned From Exercise 0"}],"start":1661010977269,"stop":1661010977425}],"attachments":[{"name":"Page Screen-Shot","source":"28e98678-4187-432e-98c6-1b7cd9d45b26-attachment","type":"image/png"}],"parameters":[],"start":1661010977123,"stop":1661010977677}